<?xml version="1.0" encoding="UTF-8"?>
<!-- Generated by org.testng.reporters.JUnitReportReporter -->
<testsuite skipped="0" hostname="HP" name="com.browser.crossbrowser.Chrome" tests="1" failures="0" timestamp="18 Nov 2018 20:44:00 GMT" time="17.450" errors="0">
  <testcase name="broswerstart" time="17.450" classname="com.browser.crossbrowser.Chrome"/>
</testsuite> <!-- com.browser.crossbrowser.Chrome -->
